running egg_info
creating ../build/sim/sim.egg-info
writing ../build/sim/sim.egg-info/PKG-INFO
writing dependency_links to ../build/sim/sim.egg-info/dependency_links.txt
writing entry points to ../build/sim/sim.egg-info/entry_points.txt
writing requirements to ../build/sim/sim.egg-info/requires.txt
writing top-level names to ../build/sim/sim.egg-info/top_level.txt
writing manifest file '../build/sim/sim.egg-info/SOURCES.txt'
reading manifest file '../build/sim/sim.egg-info/SOURCES.txt'
adding license file 'LICENSE'
writing manifest file '../build/sim/sim.egg-info/SOURCES.txt'
running build
running build_py
creating /home/tyler/Coding_Workspace/CSCE_752/ROS_WS/build/sim/build
creating /home/tyler/Coding_Workspace/CSCE_752/ROS_WS/build/sim/build/lib
creating /home/tyler/Coding_Workspace/CSCE_752/ROS_WS/build/sim/build/lib/sim
copying sim/sim1.py -> /home/tyler/Coding_Workspace/CSCE_752/ROS_WS/build/sim/build/lib/sim
running install
running install_lib
creating /home/tyler/Coding_Workspace/CSCE_752/ROS_WS/install/sim/lib/python3.12/site-packages/sim
copying /home/tyler/Coding_Workspace/CSCE_752/ROS_WS/build/sim/build/lib/sim/sim1.py -> /home/tyler/Coding_Workspace/CSCE_752/ROS_WS/install/sim/lib/python3.12/site-packages/sim
byte-compiling /home/tyler/Coding_Workspace/CSCE_752/ROS_WS/install/sim/lib/python3.12/site-packages/sim/sim1.py to sim1.cpython-312.pyc
running install_data
creating /home/tyler/Coding_Workspace/CSCE_752/ROS_WS/install/sim/share/ament_index
creating /home/tyler/Coding_Workspace/CSCE_752/ROS_WS/install/sim/share/ament_index/resource_index
creating /home/tyler/Coding_Workspace/CSCE_752/ROS_WS/install/sim/share/ament_index/resource_index/packages
copying resource/sim -> /home/tyler/Coding_Workspace/CSCE_752/ROS_WS/install/sim/share/ament_index/resource_index/packages
copying package.xml -> /home/tyler/Coding_Workspace/CSCE_752/ROS_WS/install/sim/share/sim
running install_egg_info
Copying ../build/sim/sim.egg-info to /home/tyler/Coding_Workspace/CSCE_752/ROS_WS/install/sim/lib/python3.12/site-packages/sim-2.0.0-py3.12.egg-info
running install_scripts
Installing sim1 script to /home/tyler/Coding_Workspace/CSCE_752/ROS_WS/install/sim/lib/sim
writing list of installed files to '/home/tyler/Coding_Workspace/CSCE_752/ROS_WS/build/sim/install.log'
