[1.448s] Invoking command in '/home/tyler/Coding_Workspace/CSCE_752/ROS_WS/sim': DEBUGINFOD_URLS=https://debuginfod.ubuntu.com PS1=\u@\h \[\e[32m\]\w \[\e[91m\]$(parse_git_branch)\[\e[00m\]$ PYTHONPATH=/home/tyler/Coding_Workspace/CSCE_752/ROS_WS/build/sim/prefix_override:/usr/lib/python3/dist-packages/colcon_core/task/python/colcon_distutils_commands:/home/tyler/Coding_Workspace/CSCE_752/ROS_WS/install/sim/lib/python3.12/site-packages:${PYTHONPATH} /usr/bin/python3 -W ignore:setup.py install is deprecated -W ignore:easy_install command is deprecated setup.py egg_info --egg-base ../build/sim build --build-base /home/tyler/Coding_Workspace/CSCE_752/ROS_WS/build/sim/build install --record /home/tyler/Coding_Workspace/CSCE_752/ROS_WS/build/sim/install.log --single-version-externally-managed install_data
[1.834s] running egg_info
[1.834s] creating ../build/sim/sim.egg-info
[1.854s] writing ../build/sim/sim.egg-info/PKG-INFO
[1.854s] writing dependency_links to ../build/sim/sim.egg-info/dependency_links.txt
[1.854s] writing entry points to ../build/sim/sim.egg-info/entry_points.txt
[1.854s] writing requirements to ../build/sim/sim.egg-info/requires.txt
[1.854s] writing top-level names to ../build/sim/sim.egg-info/top_level.txt
[1.855s] writing manifest file '../build/sim/sim.egg-info/SOURCES.txt'
[1.901s] reading manifest file '../build/sim/sim.egg-info/SOURCES.txt'
[1.901s] adding license file 'LICENSE'
[1.901s] writing manifest file '../build/sim/sim.egg-info/SOURCES.txt'
[1.901s] running build
[1.901s] running build_py
[1.901s] creating /home/tyler/Coding_Workspace/CSCE_752/ROS_WS/build/sim/build
[1.901s] creating /home/tyler/Coding_Workspace/CSCE_752/ROS_WS/build/sim/build/lib
[1.901s] creating /home/tyler/Coding_Workspace/CSCE_752/ROS_WS/build/sim/build/lib/sim
[1.901s] copying sim/sim1.py -> /home/tyler/Coding_Workspace/CSCE_752/ROS_WS/build/sim/build/lib/sim
[1.902s] running install
[1.907s] running install_lib
[1.928s] creating /home/tyler/Coding_Workspace/CSCE_752/ROS_WS/install/sim/lib/python3.12/site-packages/sim
[1.928s] copying /home/tyler/Coding_Workspace/CSCE_752/ROS_WS/build/sim/build/lib/sim/sim1.py -> /home/tyler/Coding_Workspace/CSCE_752/ROS_WS/install/sim/lib/python3.12/site-packages/sim
[1.930s] byte-compiling /home/tyler/Coding_Workspace/CSCE_752/ROS_WS/install/sim/lib/python3.12/site-packages/sim/sim1.py to sim1.cpython-312.pyc
[1.931s] running install_data
[1.931s] creating /home/tyler/Coding_Workspace/CSCE_752/ROS_WS/install/sim/share/ament_index
[1.931s] creating /home/tyler/Coding_Workspace/CSCE_752/ROS_WS/install/sim/share/ament_index/resource_index
[1.931s] creating /home/tyler/Coding_Workspace/CSCE_752/ROS_WS/install/sim/share/ament_index/resource_index/packages
[1.931s] copying resource/sim -> /home/tyler/Coding_Workspace/CSCE_752/ROS_WS/install/sim/share/ament_index/resource_index/packages
[1.931s] copying package.xml -> /home/tyler/Coding_Workspace/CSCE_752/ROS_WS/install/sim/share/sim
[1.932s] running install_egg_info
[1.954s] Copying ../build/sim/sim.egg-info to /home/tyler/Coding_Workspace/CSCE_752/ROS_WS/install/sim/lib/python3.12/site-packages/sim-2.0.0-py3.12.egg-info
[1.955s] running install_scripts
[2.121s] Installing sim1 script to /home/tyler/Coding_Workspace/CSCE_752/ROS_WS/install/sim/lib/sim
[2.121s] writing list of installed files to '/home/tyler/Coding_Workspace/CSCE_752/ROS_WS/build/sim/install.log'
[2.161s] Invoked command in '/home/tyler/Coding_Workspace/CSCE_752/ROS_WS/sim' returned '0': DEBUGINFOD_URLS=https://debuginfod.ubuntu.com PS1=\u@\h \[\e[32m\]\w \[\e[91m\]$(parse_git_branch)\[\e[00m\]$ PYTHONPATH=/home/tyler/Coding_Workspace/CSCE_752/ROS_WS/build/sim/prefix_override:/usr/lib/python3/dist-packages/colcon_core/task/python/colcon_distutils_commands:/home/tyler/Coding_Workspace/CSCE_752/ROS_WS/install/sim/lib/python3.12/site-packages:${PYTHONPATH} /usr/bin/python3 -W ignore:setup.py install is deprecated -W ignore:easy_install command is deprecated setup.py egg_info --egg-base ../build/sim build --build-base /home/tyler/Coding_Workspace/CSCE_752/ROS_WS/build/sim/build install --record /home/tyler/Coding_Workspace/CSCE_752/ROS_WS/build/sim/install.log --single-version-externally-managed install_data
