running egg_info
writing ../build/sim/sim.egg-info/PKG-INFO
writing dependency_links to ../build/sim/sim.egg-info/dependency_links.txt
writing entry points to ../build/sim/sim.egg-info/entry_points.txt
deleting ../build/sim/sim.egg-info/requires.txt
writing top-level names to ../build/sim/sim.egg-info/top_level.txt
reading manifest file '../build/sim/sim.egg-info/SOURCES.txt'
adding license file 'LICENSE'
writing manifest file '../build/sim/sim.egg-info/SOURCES.txt'
running build
running build_py
copying sim/sim2.py -> /home/tyler/Coding_Workspace/CSCE_752/ROS_WS/build/sim/build/lib/sim
running install
running install_lib
copying /home/tyler/Coding_Workspace/CSCE_752/ROS_WS/build/sim/build/lib/sim/sim2.py -> /home/tyler/Coding_Workspace/CSCE_752/ROS_WS/install/sim/lib/python3.12/site-packages/sim
byte-compiling /home/tyler/Coding_Workspace/CSCE_752/ROS_WS/install/sim/lib/python3.12/site-packages/sim/sim2.py to sim2.cpython-312.pyc
running install_data
copying share/tamu.targets -> /home/tyler/Coding_Workspace/CSCE_752/ROS_WS/install/sim/share/sim
copying share/corners.targets -> /home/tyler/Coding_Workspace/CSCE_752/ROS_WS/install/sim/share/sim
copying share/scatter.targets -> /home/tyler/Coding_Workspace/CSCE_752/ROS_WS/install/sim/share/sim
running install_egg_info
removing '/home/tyler/Coding_Workspace/CSCE_752/ROS_WS/install/sim/lib/python3.12/site-packages/sim-2.0.0-py3.12.egg-info' (and everything under it)
Copying ../build/sim/sim.egg-info to /home/tyler/Coding_Workspace/CSCE_752/ROS_WS/install/sim/lib/python3.12/site-packages/sim-2.0.0-py3.12.egg-info
running install_scripts
Installing sim1 script to /home/tyler/Coding_Workspace/CSCE_752/ROS_WS/install/sim/lib/sim
Installing sim2 script to /home/tyler/Coding_Workspace/CSCE_752/ROS_WS/install/sim/lib/sim
writing list of installed files to '/home/tyler/Coding_Workspace/CSCE_752/ROS_WS/build/sim/install.log'
