[1.476s] Invoking command in '/home/tyler/Coding_Workspace/CSCE_752/ROS_WS/sim': DEBUGINFOD_URLS=https://debuginfod.ubuntu.com PS1=\u@\h \[\e[32m\]\w \[\e[91m\]$(parse_git_branch)\[\e[00m\]$ PYTHONPATH=/home/tyler/Coding_Workspace/CSCE_752/ROS_WS/build/sim/prefix_override:/usr/lib/python3/dist-packages/colcon_core/task/python/colcon_distutils_commands:/home/tyler/Coding_Workspace/CSCE_752/ROS_WS/install/sim/lib/python3.12/site-packages:${PYTHONPATH} /usr/bin/python3 -W ignore:setup.py install is deprecated -W ignore:easy_install command is deprecated setup.py egg_info --egg-base ../build/sim build --build-base /home/tyler/Coding_Workspace/CSCE_752/ROS_WS/build/sim/build install --record /home/tyler/Coding_Workspace/CSCE_752/ROS_WS/build/sim/install.log --single-version-externally-managed install_data
[1.844s] running egg_info
[1.864s] writing ../build/sim/sim.egg-info/PKG-INFO
[1.864s] writing dependency_links to ../build/sim/sim.egg-info/dependency_links.txt
[1.865s] writing entry points to ../build/sim/sim.egg-info/entry_points.txt
[1.865s] deleting ../build/sim/sim.egg-info/requires.txt
[1.865s] writing top-level names to ../build/sim/sim.egg-info/top_level.txt
[1.907s] reading manifest file '../build/sim/sim.egg-info/SOURCES.txt'
[1.908s] adding license file 'LICENSE'
[1.908s] writing manifest file '../build/sim/sim.egg-info/SOURCES.txt'
[1.908s] running build
[1.908s] running build_py
[1.908s] copying sim/sim2.py -> /home/tyler/Coding_Workspace/CSCE_752/ROS_WS/build/sim/build/lib/sim
[1.908s] running install
[1.914s] running install_lib
[1.937s] copying /home/tyler/Coding_Workspace/CSCE_752/ROS_WS/build/sim/build/lib/sim/sim2.py -> /home/tyler/Coding_Workspace/CSCE_752/ROS_WS/install/sim/lib/python3.12/site-packages/sim
[1.939s] byte-compiling /home/tyler/Coding_Workspace/CSCE_752/ROS_WS/install/sim/lib/python3.12/site-packages/sim/sim2.py to sim2.cpython-312.pyc
[1.941s] running install_data
[1.941s] copying share/tamu.targets -> /home/tyler/Coding_Workspace/CSCE_752/ROS_WS/install/sim/share/sim
[1.942s] copying share/corners.targets -> /home/tyler/Coding_Workspace/CSCE_752/ROS_WS/install/sim/share/sim
[1.942s] copying share/scatter.targets -> /home/tyler/Coding_Workspace/CSCE_752/ROS_WS/install/sim/share/sim
[1.942s] running install_egg_info
[1.965s] removing '/home/tyler/Coding_Workspace/CSCE_752/ROS_WS/install/sim/lib/python3.12/site-packages/sim-2.0.0-py3.12.egg-info' (and everything under it)
[1.965s] Copying ../build/sim/sim.egg-info to /home/tyler/Coding_Workspace/CSCE_752/ROS_WS/install/sim/lib/python3.12/site-packages/sim-2.0.0-py3.12.egg-info
[1.966s] running install_scripts
[2.129s] Installing sim1 script to /home/tyler/Coding_Workspace/CSCE_752/ROS_WS/install/sim/lib/sim
[2.136s] Installing sim2 script to /home/tyler/Coding_Workspace/CSCE_752/ROS_WS/install/sim/lib/sim
[2.136s] writing list of installed files to '/home/tyler/Coding_Workspace/CSCE_752/ROS_WS/build/sim/install.log'
[2.186s] Invoked command in '/home/tyler/Coding_Workspace/CSCE_752/ROS_WS/sim' returned '0': DEBUGINFOD_URLS=https://debuginfod.ubuntu.com PS1=\u@\h \[\e[32m\]\w \[\e[91m\]$(parse_git_branch)\[\e[00m\]$ PYTHONPATH=/home/tyler/Coding_Workspace/CSCE_752/ROS_WS/build/sim/prefix_override:/usr/lib/python3/dist-packages/colcon_core/task/python/colcon_distutils_commands:/home/tyler/Coding_Workspace/CSCE_752/ROS_WS/install/sim/lib/python3.12/site-packages:${PYTHONPATH} /usr/bin/python3 -W ignore:setup.py install is deprecated -W ignore:easy_install command is deprecated setup.py egg_info --egg-base ../build/sim build --build-base /home/tyler/Coding_Workspace/CSCE_752/ROS_WS/build/sim/build install --record /home/tyler/Coding_Workspace/CSCE_752/ROS_WS/build/sim/install.log --single-version-externally-managed install_data
