[0.149s] DEBUG:colcon:Command line arguments: ['/usr/bin/colcon', 'build']
[0.149s] DEBUG:colcon:Parsed command line arguments: Namespace(log_base=None, log_level=None, verb_name='build', build_base='build', install_base='install', merge_install=False, symlink_install=False, test_result_base=None, continue_on_error=False, executor='parallel', parallel_workers=16, event_handlers=None, ignore_user_meta=False, metas=['./colcon.meta'], base_paths=['.'], packages_ignore=None, packages_ignore_regex=None, paths=None, packages_up_to=None, packages_up_to_regex=None, packages_above=None, packages_above_and_dependencies=None, packages_above_depth=None, packages_select_by_dep=None, packages_skip_by_dep=None, packages_skip_up_to=None, packages_select_build_failed=False, packages_skip_build_finished=False, packages_select_test_failures=False, packages_skip_test_passed=False, packages_select=None, packages_skip=None, packages_select_regex=None, packages_skip_regex=None, packages_start=None, packages_end=None, allow_overriding=[], cmake_args=None, cmake_target=None, cmake_target_skip_unavailable=False, cmake_clean_cache=False, cmake_clean_first=False, cmake_force_configure=False, ament_cmake_args=None, catkin_cmake_args=None, catkin_skip_building_tests=False, mixin_files=None, mixin=None, verb_parser=<colcon_mixin.mixin.mixin_argument.MixinArgumentDecorator object at 0x7083d58061b0>, verb_extension=<colcon_core.verb.build.BuildVerb object at 0x7083d5927200>, main=<bound method BuildVerb.main of <colcon_core.verb.build.BuildVerb object at 0x7083d5927200>>, mixin_verb=('build',))
[0.193s] Level 1:colcon.colcon_core.package_discovery:discover_packages(colcon_meta) check parameters
[0.193s] Level 1:colcon.colcon_core.package_discovery:discover_packages(recursive) check parameters
[0.193s] Level 1:colcon.colcon_core.package_discovery:discover_packages(ignore) check parameters
[0.193s] Level 1:colcon.colcon_core.package_discovery:discover_packages(path) check parameters
[0.193s] Level 1:colcon.colcon_core.package_discovery:discover_packages(colcon_meta) discover
[0.193s] Level 1:colcon.colcon_core.package_discovery:discover_packages(recursive) discover
[0.193s] INFO:colcon.colcon_core.package_discovery:Crawling recursively for packages in '/home/tyler/Coding_Workspace/CSCE_752/ROS_WS'
[0.193s] Level 1:colcon.colcon_core.package_identification:_identify(.) by extensions ['ignore', 'ignore_ament_install']
[0.193s] Level 1:colcon.colcon_core.package_identification:_identify(.) by extension 'ignore'
[0.193s] Level 1:colcon.colcon_core.package_identification:_identify(.) by extension 'ignore_ament_install'
[0.193s] Level 1:colcon.colcon_core.package_identification:_identify(.) by extensions ['colcon_pkg']
[0.193s] Level 1:colcon.colcon_core.package_identification:_identify(.) by extension 'colcon_pkg'
[0.193s] Level 1:colcon.colcon_core.package_identification:_identify(.) by extensions ['colcon_meta']
[0.193s] Level 1:colcon.colcon_core.package_identification:_identify(.) by extension 'colcon_meta'
[0.193s] Level 1:colcon.colcon_core.package_identification:_identify(.) by extensions ['ros']
[0.193s] Level 1:colcon.colcon_core.package_identification:_identify(.) by extension 'ros'
[0.216s] Level 1:colcon.colcon_core.package_identification:_identify(.) by extensions ['cmake', 'python']
[0.216s] Level 1:colcon.colcon_core.package_identification:_identify(.) by extension 'cmake'
[0.216s] Level 1:colcon.colcon_core.package_identification:_identify(.) by extension 'python'
[0.216s] Level 1:colcon.colcon_core.package_identification:_identify(.) by extensions ['python_setup_py']
[0.217s] Level 1:colcon.colcon_core.package_identification:_identify(.) by extension 'python_setup_py'
[0.217s] Level 1:colcon.colcon_core.package_identification:_identify(build) by extensions ['ignore', 'ignore_ament_install']
[0.217s] Level 1:colcon.colcon_core.package_identification:_identify(build) by extension 'ignore'
[0.217s] Level 1:colcon.colcon_core.package_identification:_identify(build) ignored
[0.217s] Level 1:colcon.colcon_core.package_identification:_identify(circle) by extensions ['ignore', 'ignore_ament_install']
[0.217s] Level 1:colcon.colcon_core.package_identification:_identify(circle) by extension 'ignore'
[0.217s] Level 1:colcon.colcon_core.package_identification:_identify(circle) by extension 'ignore_ament_install'
[0.217s] Level 1:colcon.colcon_core.package_identification:_identify(circle) by extensions ['colcon_pkg']
[0.217s] Level 1:colcon.colcon_core.package_identification:_identify(circle) by extension 'colcon_pkg'
[0.218s] Level 1:colcon.colcon_core.package_identification:_identify(circle) by extensions ['colcon_meta']
[0.218s] Level 1:colcon.colcon_core.package_identification:_identify(circle) by extension 'colcon_meta'
[0.218s] Level 1:colcon.colcon_core.package_identification:_identify(circle) by extensions ['ros']
[0.218s] Level 1:colcon.colcon_core.package_identification:_identify(circle) by extension 'ros'
[0.220s] DEBUG:colcon.colcon_core.package_identification:Package 'circle' with type 'ros.ament_python' and name 'circle'
[0.220s] Level 1:colcon.colcon_core.package_identification:_identify(install) by extensions ['ignore', 'ignore_ament_install']
[0.220s] Level 1:colcon.colcon_core.package_identification:_identify(install) by extension 'ignore'
[0.220s] Level 1:colcon.colcon_core.package_identification:_identify(install) ignored
[0.220s] Level 1:colcon.colcon_core.package_identification:_identify(log) by extensions ['ignore', 'ignore_ament_install']
[0.220s] Level 1:colcon.colcon_core.package_identification:_identify(log) by extension 'ignore'
[0.220s] Level 1:colcon.colcon_core.package_identification:_identify(log) ignored
[0.220s] Level 1:colcon.colcon_core.package_identification:_identify(sim) by extensions ['ignore', 'ignore_ament_install']
[0.220s] Level 1:colcon.colcon_core.package_identification:_identify(sim) by extension 'ignore'
[0.220s] Level 1:colcon.colcon_core.package_identification:_identify(sim) by extension 'ignore_ament_install'
[0.220s] Level 1:colcon.colcon_core.package_identification:_identify(sim) by extensions ['colcon_pkg']
[0.220s] Level 1:colcon.colcon_core.package_identification:_identify(sim) by extension 'colcon_pkg'
[0.220s] Level 1:colcon.colcon_core.package_identification:_identify(sim) by extensions ['colcon_meta']
[0.220s] Level 1:colcon.colcon_core.package_identification:_identify(sim) by extension 'colcon_meta'
[0.220s] Level 1:colcon.colcon_core.package_identification:_identify(sim) by extensions ['ros']
[0.221s] Level 1:colcon.colcon_core.package_identification:_identify(sim) by extension 'ros'
[0.221s] DEBUG:colcon.colcon_core.package_identification:Package 'sim' with type 'ros.ament_python' and name 'sim'
[0.221s] Level 1:colcon.colcon_core.package_discovery:discover_packages(recursive) using defaults
[0.221s] Level 1:colcon.colcon_core.package_discovery:discover_packages(ignore) discover
[0.221s] Level 1:colcon.colcon_core.package_discovery:discover_packages(ignore) using defaults
[0.221s] Level 1:colcon.colcon_core.package_discovery:discover_packages(path) discover
[0.221s] Level 1:colcon.colcon_core.package_discovery:discover_packages(path) using defaults
[0.249s] Level 1:colcon.colcon_core.package_discovery:discover_packages(prefix_path) check parameters
[0.249s] Level 1:colcon.colcon_core.package_discovery:discover_packages(prefix_path) discover
[0.262s] DEBUG:colcon.colcon_installed_package_information.package_discovery:Found 2 installed packages in /home/tyler/Coding_Workspace/CSCE_752/ROS_WS/install
[0.268s] DEBUG:colcon.colcon_installed_package_information.package_discovery:Found 365 installed packages in /home/tyler/Coding_Workspace/ROS2/ros2_jazzy/install
[0.285s] Level 1:colcon.colcon_core.package_discovery:discover_packages(prefix_path) using defaults
[0.304s] Level 5:colcon.colcon_core.verb:set package 'circle' build argument 'cmake_args' from command line to 'None'
[0.304s] Level 5:colcon.colcon_core.verb:set package 'circle' build argument 'cmake_target' from command line to 'None'
[0.304s] Level 5:colcon.colcon_core.verb:set package 'circle' build argument 'cmake_target_skip_unavailable' from command line to 'False'
[0.304s] Level 5:colcon.colcon_core.verb:set package 'circle' build argument 'cmake_clean_cache' from command line to 'False'
[0.305s] Level 5:colcon.colcon_core.verb:set package 'circle' build argument 'cmake_clean_first' from command line to 'False'
[0.305s] Level 5:colcon.colcon_core.verb:set package 'circle' build argument 'cmake_force_configure' from command line to 'False'
[0.305s] Level 5:colcon.colcon_core.verb:set package 'circle' build argument 'ament_cmake_args' from command line to 'None'
[0.305s] Level 5:colcon.colcon_core.verb:set package 'circle' build argument 'catkin_cmake_args' from command line to 'None'
[0.305s] Level 5:colcon.colcon_core.verb:set package 'circle' build argument 'catkin_skip_building_tests' from command line to 'False'
[0.305s] DEBUG:colcon.colcon_core.verb:Building package 'circle' with the following arguments: {'ament_cmake_args': None, 'build_base': '/home/tyler/Coding_Workspace/CSCE_752/ROS_WS/build/circle', 'catkin_cmake_args': None, 'catkin_skip_building_tests': False, 'cmake_args': None, 'cmake_clean_cache': False, 'cmake_clean_first': False, 'cmake_force_configure': False, 'cmake_target': None, 'cmake_target_skip_unavailable': False, 'install_base': '/home/tyler/Coding_Workspace/CSCE_752/ROS_WS/install/circle', 'merge_install': False, 'path': '/home/tyler/Coding_Workspace/CSCE_752/ROS_WS/circle', 'symlink_install': False, 'test_result_base': None}
[0.305s] Level 5:colcon.colcon_core.verb:set package 'sim' build argument 'cmake_args' from command line to 'None'
[0.305s] Level 5:colcon.colcon_core.verb:set package 'sim' build argument 'cmake_target' from command line to 'None'
[0.305s] Level 5:colcon.colcon_core.verb:set package 'sim' build argument 'cmake_target_skip_unavailable' from command line to 'False'
[0.305s] Level 5:colcon.colcon_core.verb:set package 'sim' build argument 'cmake_clean_cache' from command line to 'False'
[0.305s] Level 5:colcon.colcon_core.verb:set package 'sim' build argument 'cmake_clean_first' from command line to 'False'
[0.305s] Level 5:colcon.colcon_core.verb:set package 'sim' build argument 'cmake_force_configure' from command line to 'False'
[0.305s] Level 5:colcon.colcon_core.verb:set package 'sim' build argument 'ament_cmake_args' from command line to 'None'
[0.305s] Level 5:colcon.colcon_core.verb:set package 'sim' build argument 'catkin_cmake_args' from command line to 'None'
[0.305s] Level 5:colcon.colcon_core.verb:set package 'sim' build argument 'catkin_skip_building_tests' from command line to 'False'
[0.305s] DEBUG:colcon.colcon_core.verb:Building package 'sim' with the following arguments: {'ament_cmake_args': None, 'build_base': '/home/tyler/Coding_Workspace/CSCE_752/ROS_WS/build/sim', 'catkin_cmake_args': None, 'catkin_skip_building_tests': False, 'cmake_args': None, 'cmake_clean_cache': False, 'cmake_clean_first': False, 'cmake_force_configure': False, 'cmake_target': None, 'cmake_target_skip_unavailable': False, 'install_base': '/home/tyler/Coding_Workspace/CSCE_752/ROS_WS/install/sim', 'merge_install': False, 'path': '/home/tyler/Coding_Workspace/CSCE_752/ROS_WS/sim', 'symlink_install': False, 'test_result_base': None}
[0.305s] INFO:colcon.colcon_core.executor:Executing jobs using 'parallel' executor
[0.306s] DEBUG:colcon.colcon_parallel_executor.executor.parallel:run_until_complete
[0.306s] INFO:colcon.colcon_ros.task.ament_python.build:Building ROS package in '/home/tyler/Coding_Workspace/CSCE_752/ROS_WS/circle' with build type 'ament_python'
[0.306s] Level 1:colcon.colcon_core.shell:create_environment_hook('circle', 'ament_prefix_path')
[0.311s] INFO:colcon.colcon_core.plugin_system:Skipping extension 'colcon_core.shell.bat': Not used on non-Windows systems
[0.311s] INFO:colcon.colcon_core.shell:Creating environment hook '/home/tyler/Coding_Workspace/CSCE_752/ROS_WS/install/circle/share/circle/hook/ament_prefix_path.ps1'
[0.312s] INFO:colcon.colcon_core.shell:Creating environment descriptor '/home/tyler/Coding_Workspace/CSCE_752/ROS_WS/install/circle/share/circle/hook/ament_prefix_path.dsv'
[0.312s] INFO:colcon.colcon_core.shell:Creating environment hook '/home/tyler/Coding_Workspace/CSCE_752/ROS_WS/install/circle/share/circle/hook/ament_prefix_path.sh'
[0.313s] INFO:colcon.colcon_core.shell:Skip shell extension 'powershell' for command environment: Not usable outside of PowerShell
[0.313s] DEBUG:colcon.colcon_core.shell:Skip shell extension 'dsv' for command environment
[0.330s] INFO:colcon.colcon_ros.task.ament_python.build:Building ROS package in '/home/tyler/Coding_Workspace/CSCE_752/ROS_WS/sim' with build type 'ament_python'
[0.330s] Level 1:colcon.colcon_core.shell:create_environment_hook('sim', 'ament_prefix_path')
[0.330s] INFO:colcon.colcon_core.shell:Creating environment hook '/home/tyler/Coding_Workspace/CSCE_752/ROS_WS/install/sim/share/sim/hook/ament_prefix_path.ps1'
[0.331s] INFO:colcon.colcon_core.shell:Creating environment descriptor '/home/tyler/Coding_Workspace/CSCE_752/ROS_WS/install/sim/share/sim/hook/ament_prefix_path.dsv'
[0.331s] INFO:colcon.colcon_core.shell:Creating environment hook '/home/tyler/Coding_Workspace/CSCE_752/ROS_WS/install/sim/share/sim/hook/ament_prefix_path.sh'
[0.331s] INFO:colcon.colcon_core.shell:Skip shell extension 'powershell' for command environment: Not usable outside of PowerShell
[0.331s] DEBUG:colcon.colcon_core.shell:Skip shell extension 'dsv' for command environment
[0.689s] INFO:colcon.colcon_core.task.python.build:Building Python package in '/home/tyler/Coding_Workspace/CSCE_752/ROS_WS/circle'
[0.689s] INFO:colcon.colcon_core.shell:Skip shell extension 'powershell' for command environment: Not usable outside of PowerShell
[0.689s] DEBUG:colcon.colcon_core.shell:Skip shell extension 'dsv' for command environment
[1.049s] INFO:colcon.colcon_core.task.python.build:Building Python package in '/home/tyler/Coding_Workspace/CSCE_752/ROS_WS/sim'
[1.049s] INFO:colcon.colcon_core.shell:Skip shell extension 'powershell' for command environment: Not usable outside of PowerShell
[1.049s] DEBUG:colcon.colcon_core.shell:Skip shell extension 'dsv' for command environment
[1.873s] DEBUG:colcon.colcon_core.event_handler.log_command:Invoking command in '/home/tyler/Coding_Workspace/CSCE_752/ROS_WS/sim': DEBUGINFOD_URLS=https://debuginfod.ubuntu.com PS1=\u@\h \[\e[32m\]\w \[\e[91m\]$(parse_git_branch)\[\e[00m\]$ PYTHONPATH=/home/tyler/Coding_Workspace/CSCE_752/ROS_WS/build/sim/prefix_override:/usr/lib/python3/dist-packages/colcon_core/task/python/colcon_distutils_commands:/home/tyler/Coding_Workspace/CSCE_752/ROS_WS/install/sim/lib/python3.12/site-packages:${PYTHONPATH} /usr/bin/python3 -W ignore:setup.py install is deprecated -W ignore:easy_install command is deprecated setup.py egg_info --egg-base ../build/sim build --build-base /home/tyler/Coding_Workspace/CSCE_752/ROS_WS/build/sim/build install --record /home/tyler/Coding_Workspace/CSCE_752/ROS_WS/build/sim/install.log --single-version-externally-managed install_data
[1.882s] DEBUG:colcon.colcon_core.event_handler.log_command:Invoking command in '/home/tyler/Coding_Workspace/CSCE_752/ROS_WS/circle': DEBUGINFOD_URLS=https://debuginfod.ubuntu.com PS1=\u@\h \[\e[32m\]\w \[\e[91m\]$(parse_git_branch)\[\e[00m\]$ PYTHONPATH=/home/tyler/Coding_Workspace/CSCE_752/ROS_WS/build/circle/prefix_override:/usr/lib/python3/dist-packages/colcon_core/task/python/colcon_distutils_commands:/home/tyler/Coding_Workspace/CSCE_752/ROS_WS/install/circle/lib/python3.12/site-packages:${PYTHONPATH} /usr/bin/python3 -W ignore:setup.py install is deprecated -W ignore:easy_install command is deprecated setup.py egg_info --egg-base ../build/circle build --build-base /home/tyler/Coding_Workspace/CSCE_752/ROS_WS/build/circle/build install --record /home/tyler/Coding_Workspace/CSCE_752/ROS_WS/build/circle/install.log --single-version-externally-managed install_data
[2.611s] DEBUG:colcon.colcon_core.event_handler.log_command:Invoked command in '/home/tyler/Coding_Workspace/CSCE_752/ROS_WS/sim' returned '0': DEBUGINFOD_URLS=https://debuginfod.ubuntu.com PS1=\u@\h \[\e[32m\]\w \[\e[91m\]$(parse_git_branch)\[\e[00m\]$ PYTHONPATH=/home/tyler/Coding_Workspace/CSCE_752/ROS_WS/build/sim/prefix_override:/usr/lib/python3/dist-packages/colcon_core/task/python/colcon_distutils_commands:/home/tyler/Coding_Workspace/CSCE_752/ROS_WS/install/sim/lib/python3.12/site-packages:${PYTHONPATH} /usr/bin/python3 -W ignore:setup.py install is deprecated -W ignore:easy_install command is deprecated setup.py egg_info --egg-base ../build/sim build --build-base /home/tyler/Coding_Workspace/CSCE_752/ROS_WS/build/sim/build install --record /home/tyler/Coding_Workspace/CSCE_752/ROS_WS/build/sim/install.log --single-version-externally-managed install_data
[2.615s] Level 1:colcon.colcon_core.environment:checking '/home/tyler/Coding_Workspace/CSCE_752/ROS_WS/install/sim' for CMake module files
[2.615s] Level 1:colcon.colcon_core.environment:checking '/home/tyler/Coding_Workspace/CSCE_752/ROS_WS/install/sim' for CMake config files
[2.616s] Level 1:colcon.colcon_core.environment:checking '/home/tyler/Coding_Workspace/CSCE_752/ROS_WS/install/sim/lib'
[2.616s] Level 1:colcon.colcon_core.environment:checking '/home/tyler/Coding_Workspace/CSCE_752/ROS_WS/install/sim/bin'
[2.616s] Level 1:colcon.colcon_core.environment:checking '/home/tyler/Coding_Workspace/CSCE_752/ROS_WS/install/sim/lib/pkgconfig/sim.pc'
[2.617s] Level 1:colcon.colcon_core.environment:checking '/home/tyler/Coding_Workspace/CSCE_752/ROS_WS/install/sim/lib/python3.12/site-packages'
[2.617s] Level 1:colcon.colcon_core.shell:create_environment_hook('sim', 'pythonpath')
[2.617s] INFO:colcon.colcon_core.shell:Creating environment hook '/home/tyler/Coding_Workspace/CSCE_752/ROS_WS/install/sim/share/sim/hook/pythonpath.ps1'
[2.618s] INFO:colcon.colcon_core.shell:Creating environment descriptor '/home/tyler/Coding_Workspace/CSCE_752/ROS_WS/install/sim/share/sim/hook/pythonpath.dsv'
[2.619s] INFO:colcon.colcon_core.shell:Creating environment hook '/home/tyler/Coding_Workspace/CSCE_752/ROS_WS/install/sim/share/sim/hook/pythonpath.sh'
[2.619s] Level 1:colcon.colcon_core.environment:checking '/home/tyler/Coding_Workspace/CSCE_752/ROS_WS/install/sim/bin'
[2.619s] Level 1:colcon.colcon_core.environment:create_environment_scripts_only(sim)
[2.620s] INFO:colcon.colcon_core.shell:Creating package script '/home/tyler/Coding_Workspace/CSCE_752/ROS_WS/install/sim/share/sim/package.ps1'
[2.620s] INFO:colcon.colcon_core.shell:Creating package descriptor '/home/tyler/Coding_Workspace/CSCE_752/ROS_WS/install/sim/share/sim/package.dsv'
[2.620s] INFO:colcon.colcon_core.shell:Creating package script '/home/tyler/Coding_Workspace/CSCE_752/ROS_WS/install/sim/share/sim/package.sh'
[2.621s] INFO:colcon.colcon_core.shell:Creating package script '/home/tyler/Coding_Workspace/CSCE_752/ROS_WS/install/sim/share/sim/package.bash'
[2.621s] INFO:colcon.colcon_core.shell:Creating package script '/home/tyler/Coding_Workspace/CSCE_752/ROS_WS/install/sim/share/sim/package.zsh'
[2.621s] Level 1:colcon.colcon_core.environment:create_file_with_runtime_dependencies(/home/tyler/Coding_Workspace/CSCE_752/ROS_WS/install/sim/share/colcon-core/packages/sim)
[2.623s] Level 1:colcon.colcon_core.environment:checking '/home/tyler/Coding_Workspace/CSCE_752/ROS_WS/install/circle' for CMake module files
[2.623s] DEBUG:colcon.colcon_core.event_handler.log_command:Invoked command in '/home/tyler/Coding_Workspace/CSCE_752/ROS_WS/circle' returned '0': DEBUGINFOD_URLS=https://debuginfod.ubuntu.com PS1=\u@\h \[\e[32m\]\w \[\e[91m\]$(parse_git_branch)\[\e[00m\]$ PYTHONPATH=/home/tyler/Coding_Workspace/CSCE_752/ROS_WS/build/circle/prefix_override:/usr/lib/python3/dist-packages/colcon_core/task/python/colcon_distutils_commands:/home/tyler/Coding_Workspace/CSCE_752/ROS_WS/install/circle/lib/python3.12/site-packages:${PYTHONPATH} /usr/bin/python3 -W ignore:setup.py install is deprecated -W ignore:easy_install command is deprecated setup.py egg_info --egg-base ../build/circle build --build-base /home/tyler/Coding_Workspace/CSCE_752/ROS_WS/build/circle/build install --record /home/tyler/Coding_Workspace/CSCE_752/ROS_WS/build/circle/install.log --single-version-externally-managed install_data
[2.624s] Level 1:colcon.colcon_core.environment:checking '/home/tyler/Coding_Workspace/CSCE_752/ROS_WS/install/circle' for CMake config files
[2.624s] Level 1:colcon.colcon_core.environment:checking '/home/tyler/Coding_Workspace/CSCE_752/ROS_WS/install/circle/lib'
[2.624s] Level 1:colcon.colcon_core.environment:checking '/home/tyler/Coding_Workspace/CSCE_752/ROS_WS/install/circle/bin'
[2.624s] Level 1:colcon.colcon_core.environment:checking '/home/tyler/Coding_Workspace/CSCE_752/ROS_WS/install/circle/lib/pkgconfig/circle.pc'
[2.625s] Level 1:colcon.colcon_core.environment:checking '/home/tyler/Coding_Workspace/CSCE_752/ROS_WS/install/circle/lib/python3.12/site-packages'
[2.625s] Level 1:colcon.colcon_core.shell:create_environment_hook('circle', 'pythonpath')
[2.625s] INFO:colcon.colcon_core.shell:Creating environment hook '/home/tyler/Coding_Workspace/CSCE_752/ROS_WS/install/circle/share/circle/hook/pythonpath.ps1'
[2.625s] INFO:colcon.colcon_core.shell:Creating environment descriptor '/home/tyler/Coding_Workspace/CSCE_752/ROS_WS/install/circle/share/circle/hook/pythonpath.dsv'
[2.625s] INFO:colcon.colcon_core.shell:Creating environment hook '/home/tyler/Coding_Workspace/CSCE_752/ROS_WS/install/circle/share/circle/hook/pythonpath.sh'
[2.626s] Level 1:colcon.colcon_core.environment:checking '/home/tyler/Coding_Workspace/CSCE_752/ROS_WS/install/circle/bin'
[2.626s] Level 1:colcon.colcon_core.environment:create_environment_scripts_only(circle)
[2.626s] INFO:colcon.colcon_core.shell:Creating package script '/home/tyler/Coding_Workspace/CSCE_752/ROS_WS/install/circle/share/circle/package.ps1'
[2.626s] INFO:colcon.colcon_core.shell:Creating package descriptor '/home/tyler/Coding_Workspace/CSCE_752/ROS_WS/install/circle/share/circle/package.dsv'
[2.626s] INFO:colcon.colcon_core.shell:Creating package script '/home/tyler/Coding_Workspace/CSCE_752/ROS_WS/install/circle/share/circle/package.sh'
[2.626s] INFO:colcon.colcon_core.shell:Creating package script '/home/tyler/Coding_Workspace/CSCE_752/ROS_WS/install/circle/share/circle/package.bash'
[2.627s] INFO:colcon.colcon_core.shell:Creating package script '/home/tyler/Coding_Workspace/CSCE_752/ROS_WS/install/circle/share/circle/package.zsh'
[2.627s] Level 1:colcon.colcon_core.environment:create_file_with_runtime_dependencies(/home/tyler/Coding_Workspace/CSCE_752/ROS_WS/install/circle/share/colcon-core/packages/circle)
[2.627s] DEBUG:colcon.colcon_parallel_executor.executor.parallel:closing loop
[2.627s] DEBUG:colcon.colcon_parallel_executor.executor.parallel:loop closed
[2.627s] DEBUG:colcon.colcon_parallel_executor.executor.parallel:run_until_complete finished with '0'
[2.627s] DEBUG:colcon.colcon_core.event_reactor:joining thread
[2.636s] INFO:colcon.colcon_core.plugin_system:Skipping extension 'colcon_notification.desktop_notification.terminal_notifier': Not used on non-Darwin systems
[2.636s] INFO:colcon.colcon_core.plugin_system:Skipping extension 'colcon_notification.desktop_notification.win32': Not used on non-Windows systems
[2.636s] INFO:colcon.colcon_notification.desktop_notification:Sending desktop notification using 'notify2'
[2.645s] DEBUG:colcon.colcon_core.event_reactor:joined thread
[2.646s] INFO:colcon.colcon_core.shell:Creating prefix script '/home/tyler/Coding_Workspace/CSCE_752/ROS_WS/install/local_setup.ps1'
[2.647s] INFO:colcon.colcon_core.shell:Creating prefix util module '/home/tyler/Coding_Workspace/CSCE_752/ROS_WS/install/_local_setup_util_ps1.py'
[2.648s] INFO:colcon.colcon_core.shell:Creating prefix chain script '/home/tyler/Coding_Workspace/CSCE_752/ROS_WS/install/setup.ps1'
[2.659s] INFO:colcon.colcon_core.shell:Creating prefix script '/home/tyler/Coding_Workspace/CSCE_752/ROS_WS/install/local_setup.sh'
[2.660s] INFO:colcon.colcon_core.shell:Creating prefix util module '/home/tyler/Coding_Workspace/CSCE_752/ROS_WS/install/_local_setup_util_sh.py'
[2.660s] INFO:colcon.colcon_core.shell:Creating prefix chain script '/home/tyler/Coding_Workspace/CSCE_752/ROS_WS/install/setup.sh'
[2.670s] INFO:colcon.colcon_core.shell:Creating prefix script '/home/tyler/Coding_Workspace/CSCE_752/ROS_WS/install/local_setup.bash'
[2.671s] INFO:colcon.colcon_core.shell:Creating prefix chain script '/home/tyler/Coding_Workspace/CSCE_752/ROS_WS/install/setup.bash'
[2.680s] INFO:colcon.colcon_core.shell:Creating prefix script '/home/tyler/Coding_Workspace/CSCE_752/ROS_WS/install/local_setup.zsh'
[2.680s] INFO:colcon.colcon_core.shell:Creating prefix chain script '/home/tyler/Coding_Workspace/CSCE_752/ROS_WS/install/setup.zsh'
