running egg_info
creating ../build/project_2/project_2.egg-info
writing ../build/project_2/project_2.egg-info/PKG-INFO
writing dependency_links to ../build/project_2/project_2.egg-info/dependency_links.txt
writing entry points to ../build/project_2/project_2.egg-info/entry_points.txt
writing requirements to ../build/project_2/project_2.egg-info/requires.txt
writing top-level names to ../build/project_2/project_2.egg-info/top_level.txt
writing manifest file '../build/project_2/project_2.egg-info/SOURCES.txt'
reading manifest file '../build/project_2/project_2.egg-info/SOURCES.txt'
writing manifest file '../build/project_2/project_2.egg-info/SOURCES.txt'
running build
running build_py
creating /home/tyler/Coding_Workspace/CSCE_752/ROS_WS/build/project_2/build
creating /home/tyler/Coding_Workspace/CSCE_752/ROS_WS/build/project_2/build/lib
creating /home/tyler/Coding_Workspace/CSCE_752/ROS_WS/build/project_2/build/lib/project_2
copying project_2/robot_node.py -> /home/tyler/Coding_Workspace/CSCE_752/ROS_WS/build/project_2/build/lib/project_2
copying project_2/__init__.py -> /home/tyler/Coding_Workspace/CSCE_752/ROS_WS/build/project_2/build/lib/project_2
running install
running install_lib
creating /home/tyler/Coding_Workspace/CSCE_752/ROS_WS/install/project_2/lib/python3.12/site-packages/project_2
copying /home/tyler/Coding_Workspace/CSCE_752/ROS_WS/build/project_2/build/lib/project_2/robot_node.py -> /home/tyler/Coding_Workspace/CSCE_752/ROS_WS/install/project_2/lib/python3.12/site-packages/project_2
copying /home/tyler/Coding_Workspace/CSCE_752/ROS_WS/build/project_2/build/lib/project_2/__init__.py -> /home/tyler/Coding_Workspace/CSCE_752/ROS_WS/install/project_2/lib/python3.12/site-packages/project_2
byte-compiling /home/tyler/Coding_Workspace/CSCE_752/ROS_WS/install/project_2/lib/python3.12/site-packages/project_2/robot_node.py to robot_node.cpython-312.pyc
byte-compiling /home/tyler/Coding_Workspace/CSCE_752/ROS_WS/install/project_2/lib/python3.12/site-packages/project_2/__init__.py to __init__.cpython-312.pyc
running install_data
creating /home/tyler/Coding_Workspace/CSCE_752/ROS_WS/install/project_2/share/ament_index
creating /home/tyler/Coding_Workspace/CSCE_752/ROS_WS/install/project_2/share/ament_index/resource_index
creating /home/tyler/Coding_Workspace/CSCE_752/ROS_WS/install/project_2/share/ament_index/resource_index/packages
copying resource/project_2 -> /home/tyler/Coding_Workspace/CSCE_752/ROS_WS/install/project_2/share/ament_index/resource_index/packages
copying package.xml -> /home/tyler/Coding_Workspace/CSCE_752/ROS_WS/install/project_2/share/project_2
running install_egg_info
Copying ../build/project_2/project_2.egg-info to /home/tyler/Coding_Workspace/CSCE_752/ROS_WS/install/project_2/lib/python3.12/site-packages/project_2-0.0.0-py3.12.egg-info
running install_scripts
Installing robot_node script to /home/tyler/Coding_Workspace/CSCE_752/ROS_WS/install/project_2/lib/project_2
writing list of installed files to '/home/tyler/Coding_Workspace/CSCE_752/ROS_WS/build/project_2/install.log'
