[1.072s] Invoking command in '/home/tyler/Coding_Workspace/CSCE_752/ROS_WS/project_2': DEBUGINFOD_URLS=https://debuginfod.ubuntu.com PS1=\u@\h \[\e[32m\]\w \[\e[91m\]$(parse_git_branch)\[\e[00m\]$ PYTHONPATH=/home/tyler/Coding_Workspace/CSCE_752/ROS_WS/build/project_2/prefix_override:/usr/lib/python3/dist-packages/colcon_core/task/python/colcon_distutils_commands:/home/tyler/Coding_Workspace/CSCE_752/ROS_WS/install/project_2/lib/python3.12/site-packages:${PYTHONPATH} /usr/bin/python3 -W ignore:setup.py install is deprecated -W ignore:easy_install command is deprecated setup.py egg_info --egg-base ../build/project_2 build --build-base /home/tyler/Coding_Workspace/CSCE_752/ROS_WS/build/project_2/build install --record /home/tyler/Coding_Workspace/CSCE_752/ROS_WS/build/project_2/install.log --single-version-externally-managed install_data
[1.430s] running egg_info
[1.430s] creating ../build/project_2/project_2.egg-info
[1.449s] writing ../build/project_2/project_2.egg-info/PKG-INFO
[1.449s] writing dependency_links to ../build/project_2/project_2.egg-info/dependency_links.txt
[1.449s] writing entry points to ../build/project_2/project_2.egg-info/entry_points.txt
[1.449s] writing requirements to ../build/project_2/project_2.egg-info/requires.txt
[1.449s] writing top-level names to ../build/project_2/project_2.egg-info/top_level.txt
[1.449s] writing manifest file '../build/project_2/project_2.egg-info/SOURCES.txt'
[1.488s] reading manifest file '../build/project_2/project_2.egg-info/SOURCES.txt'
[1.488s] writing manifest file '../build/project_2/project_2.egg-info/SOURCES.txt'
[1.489s] running build
[1.489s] running build_py
[1.489s] creating /home/tyler/Coding_Workspace/CSCE_752/ROS_WS/build/project_2/build
[1.489s] creating /home/tyler/Coding_Workspace/CSCE_752/ROS_WS/build/project_2/build/lib
[1.489s] creating /home/tyler/Coding_Workspace/CSCE_752/ROS_WS/build/project_2/build/lib/project_2
[1.489s] copying project_2/robot_node.py -> /home/tyler/Coding_Workspace/CSCE_752/ROS_WS/build/project_2/build/lib/project_2
[1.489s] copying project_2/__init__.py -> /home/tyler/Coding_Workspace/CSCE_752/ROS_WS/build/project_2/build/lib/project_2
[1.489s] running install
[1.495s] running install_lib
[1.517s] creating /home/tyler/Coding_Workspace/CSCE_752/ROS_WS/install/project_2/lib/python3.12/site-packages/project_2
[1.517s] copying /home/tyler/Coding_Workspace/CSCE_752/ROS_WS/build/project_2/build/lib/project_2/robot_node.py -> /home/tyler/Coding_Workspace/CSCE_752/ROS_WS/install/project_2/lib/python3.12/site-packages/project_2
[1.517s] copying /home/tyler/Coding_Workspace/CSCE_752/ROS_WS/build/project_2/build/lib/project_2/__init__.py -> /home/tyler/Coding_Workspace/CSCE_752/ROS_WS/install/project_2/lib/python3.12/site-packages/project_2
[1.518s] byte-compiling /home/tyler/Coding_Workspace/CSCE_752/ROS_WS/install/project_2/lib/python3.12/site-packages/project_2/robot_node.py to robot_node.cpython-312.pyc
[1.519s] byte-compiling /home/tyler/Coding_Workspace/CSCE_752/ROS_WS/install/project_2/lib/python3.12/site-packages/project_2/__init__.py to __init__.cpython-312.pyc
[1.519s] running install_data
[1.519s] creating /home/tyler/Coding_Workspace/CSCE_752/ROS_WS/install/project_2/share/ament_index
[1.519s] creating /home/tyler/Coding_Workspace/CSCE_752/ROS_WS/install/project_2/share/ament_index/resource_index
[1.519s] creating /home/tyler/Coding_Workspace/CSCE_752/ROS_WS/install/project_2/share/ament_index/resource_index/packages
[1.519s] copying resource/project_2 -> /home/tyler/Coding_Workspace/CSCE_752/ROS_WS/install/project_2/share/ament_index/resource_index/packages
[1.519s] copying package.xml -> /home/tyler/Coding_Workspace/CSCE_752/ROS_WS/install/project_2/share/project_2
[1.519s] running install_egg_info
[1.541s] Copying ../build/project_2/project_2.egg-info to /home/tyler/Coding_Workspace/CSCE_752/ROS_WS/install/project_2/lib/python3.12/site-packages/project_2-0.0.0-py3.12.egg-info
[1.542s] running install_scripts
[1.687s] Installing robot_node script to /home/tyler/Coding_Workspace/CSCE_752/ROS_WS/install/project_2/lib/project_2
[1.687s] writing list of installed files to '/home/tyler/Coding_Workspace/CSCE_752/ROS_WS/build/project_2/install.log'
[1.709s] Invoked command in '/home/tyler/Coding_Workspace/CSCE_752/ROS_WS/project_2' returned '0': DEBUGINFOD_URLS=https://debuginfod.ubuntu.com PS1=\u@\h \[\e[32m\]\w \[\e[91m\]$(parse_git_branch)\[\e[00m\]$ PYTHONPATH=/home/tyler/Coding_Workspace/CSCE_752/ROS_WS/build/project_2/prefix_override:/usr/lib/python3/dist-packages/colcon_core/task/python/colcon_distutils_commands:/home/tyler/Coding_Workspace/CSCE_752/ROS_WS/install/project_2/lib/python3.12/site-packages:${PYTHONPATH} /usr/bin/python3 -W ignore:setup.py install is deprecated -W ignore:easy_install command is deprecated setup.py egg_info --egg-base ../build/project_2 build --build-base /home/tyler/Coding_Workspace/CSCE_752/ROS_WS/build/project_2/build install --record /home/tyler/Coding_Workspace/CSCE_752/ROS_WS/build/project_2/install.log --single-version-externally-managed install_data
