[1.179s] Invoking command in '/home/tyler/Coding_Workspace/CSCE_752/ROS_WS/project_2': DEBUGINFOD_URLS=https://debuginfod.ubuntu.com PS1=\u@\h \[\e[32m\]\w \[\e[91m\]$(parse_git_branch)\[\e[00m\]$ PYTHONPATH=/home/tyler/Coding_Workspace/CSCE_752/ROS_WS/build/project_2/prefix_override:/usr/lib/python3/dist-packages/colcon_core/task/python/colcon_distutils_commands:/home/tyler/Coding_Workspace/CSCE_752/ROS_WS/install/project_2/lib/python3.12/site-packages:${PYTHONPATH} /usr/bin/python3 -W ignore:setup.py install is deprecated -W ignore:easy_install command is deprecated setup.py egg_info --egg-base ../build/project_2 build --build-base /home/tyler/Coding_Workspace/CSCE_752/ROS_WS/build/project_2/build install --record /home/tyler/Coding_Workspace/CSCE_752/ROS_WS/build/project_2/install.log --single-version-externally-managed install_data
[1.583s] running egg_info
[1.606s] writing ../build/project_2/project_2.egg-info/PKG-INFO
[1.606s] writing dependency_links to ../build/project_2/project_2.egg-info/dependency_links.txt
[1.606s] writing entry points to ../build/project_2/project_2.egg-info/entry_points.txt
[1.606s] writing requirements to ../build/project_2/project_2.egg-info/requires.txt
[1.607s] writing top-level names to ../build/project_2/project_2.egg-info/top_level.txt
[1.653s] reading manifest file '../build/project_2/project_2.egg-info/SOURCES.txt'
[1.653s] writing manifest file '../build/project_2/project_2.egg-info/SOURCES.txt'
[1.653s] running build
[1.653s] running build_py
[1.653s] copying project_2/robot_node.py -> /home/tyler/Coding_Workspace/CSCE_752/ROS_WS/build/project_2/build/lib/project_2
[1.654s] running install
[1.659s] running install_lib
[1.686s] copying /home/tyler/Coding_Workspace/CSCE_752/ROS_WS/build/project_2/build/lib/project_2/robot_node.py -> /home/tyler/Coding_Workspace/CSCE_752/ROS_WS/install/project_2/lib/python3.12/site-packages/project_2
[1.688s] byte-compiling /home/tyler/Coding_Workspace/CSCE_752/ROS_WS/install/project_2/lib/python3.12/site-packages/project_2/robot_node.py to robot_node.cpython-312.pyc
[1.689s] running install_data
[1.690s] running install_egg_info
[1.717s] removing '/home/tyler/Coding_Workspace/CSCE_752/ROS_WS/install/project_2/lib/python3.12/site-packages/project_2-0.0.0-py3.12.egg-info' (and everything under it)
[1.717s] Copying ../build/project_2/project_2.egg-info to /home/tyler/Coding_Workspace/CSCE_752/ROS_WS/install/project_2/lib/python3.12/site-packages/project_2-0.0.0-py3.12.egg-info
[1.718s] running install_scripts
[1.883s] Installing robot_node script to /home/tyler/Coding_Workspace/CSCE_752/ROS_WS/install/project_2/lib/project_2
[1.883s] writing list of installed files to '/home/tyler/Coding_Workspace/CSCE_752/ROS_WS/build/project_2/install.log'
[1.907s] Invoked command in '/home/tyler/Coding_Workspace/CSCE_752/ROS_WS/project_2' returned '0': DEBUGINFOD_URLS=https://debuginfod.ubuntu.com PS1=\u@\h \[\e[32m\]\w \[\e[91m\]$(parse_git_branch)\[\e[00m\]$ PYTHONPATH=/home/tyler/Coding_Workspace/CSCE_752/ROS_WS/build/project_2/prefix_override:/usr/lib/python3/dist-packages/colcon_core/task/python/colcon_distutils_commands:/home/tyler/Coding_Workspace/CSCE_752/ROS_WS/install/project_2/lib/python3.12/site-packages:${PYTHONPATH} /usr/bin/python3 -W ignore:setup.py install is deprecated -W ignore:easy_install command is deprecated setup.py egg_info --egg-base ../build/project_2 build --build-base /home/tyler/Coding_Workspace/CSCE_752/ROS_WS/build/project_2/build install --record /home/tyler/Coding_Workspace/CSCE_752/ROS_WS/build/project_2/install.log --single-version-externally-managed install_data
