[1.139s] Invoking command in '/home/tyler/Coding_Workspace/CSCE_752/ROS_WS/project_2': DEBUGINFOD_URLS=https://debuginfod.ubuntu.com PS1=\u@\h \[\e[32m\]\w \[\e[91m\]$(parse_git_branch)\[\e[00m\]$ PYTHONPATH=/home/tyler/Coding_Workspace/CSCE_752/ROS_WS/build/project_2/prefix_override:/usr/lib/python3/dist-packages/colcon_core/task/python/colcon_distutils_commands:/home/tyler/Coding_Workspace/CSCE_752/ROS_WS/install/project_2/lib/python3.12/site-packages:${PYTHONPATH} /usr/bin/python3 -W ignore:setup.py install is deprecated -W ignore:easy_install command is deprecated setup.py egg_info --egg-base ../build/project_2 build --build-base /home/tyler/Coding_Workspace/CSCE_752/ROS_WS/build/project_2/build install --record /home/tyler/Coding_Workspace/CSCE_752/ROS_WS/build/project_2/install.log --single-version-externally-managed install_data
[1.521s] running egg_info
[1.544s] writing ../build/project_2/project_2.egg-info/PKG-INFO
[1.544s] writing dependency_links to ../build/project_2/project_2.egg-info/dependency_links.txt
[1.544s] writing entry points to ../build/project_2/project_2.egg-info/entry_points.txt
[1.545s] writing requirements to ../build/project_2/project_2.egg-info/requires.txt
[1.545s] writing top-level names to ../build/project_2/project_2.egg-info/top_level.txt
[1.584s] reading manifest file '../build/project_2/project_2.egg-info/SOURCES.txt'
[1.585s] writing manifest file '../build/project_2/project_2.egg-info/SOURCES.txt'
[1.585s] running build
[1.585s] running build_py
[1.585s] running install
[1.590s] running install_lib
[1.612s] running install_data
[1.612s] running install_egg_info
[1.637s] removing '/home/tyler/Coding_Workspace/CSCE_752/ROS_WS/install/project_2/lib/python3.12/site-packages/project_2-0.0.0-py3.12.egg-info' (and everything under it)
[1.637s] Copying ../build/project_2/project_2.egg-info to /home/tyler/Coding_Workspace/CSCE_752/ROS_WS/install/project_2/lib/python3.12/site-packages/project_2-0.0.0-py3.12.egg-info
[1.638s] running install_scripts
[1.794s] Installing robot_node script to /home/tyler/Coding_Workspace/CSCE_752/ROS_WS/install/project_2/lib/project_2
[1.794s] writing list of installed files to '/home/tyler/Coding_Workspace/CSCE_752/ROS_WS/build/project_2/install.log'
[1.827s] Invoked command in '/home/tyler/Coding_Workspace/CSCE_752/ROS_WS/project_2' returned '0': DEBUGINFOD_URLS=https://debuginfod.ubuntu.com PS1=\u@\h \[\e[32m\]\w \[\e[91m\]$(parse_git_branch)\[\e[00m\]$ PYTHONPATH=/home/tyler/Coding_Workspace/CSCE_752/ROS_WS/build/project_2/prefix_override:/usr/lib/python3/dist-packages/colcon_core/task/python/colcon_distutils_commands:/home/tyler/Coding_Workspace/CSCE_752/ROS_WS/install/project_2/lib/python3.12/site-packages:${PYTHONPATH} /usr/bin/python3 -W ignore:setup.py install is deprecated -W ignore:easy_install command is deprecated setup.py egg_info --egg-base ../build/project_2 build --build-base /home/tyler/Coding_Workspace/CSCE_752/ROS_WS/build/project_2/build install --record /home/tyler/Coding_Workspace/CSCE_752/ROS_WS/build/project_2/install.log --single-version-externally-managed install_data
